cl : Command line warning D9007: '/Gm' requires '/Zi or /ZI'; option ignored
  Practica_2.cpp
Practica_2.cpp(70): warning C4365: '=' : conversion from 'char' to 'unsigned int', signed/unsigned mismatch
Practica_2.cpp(71): warning C4365: '=' : conversion from 'char' to 'unsigned int', signed/unsigned mismatch
Practica_2.cpp(72): warning C4242: '=' : conversion from 'unsigned int' to 'unsigned char', possible loss of data
Practica_2.cpp(73): warning C4242: '=' : conversion from 'unsigned int' to 'char', possible loss of data
Practica_2.cpp(73): warning C4365: '=' : conversion from 'unsigned int' to 'char', signed/unsigned mismatch
Practica_2.cpp(74): warning C4242: '=' : conversion from 'unsigned int' to 'unsigned char', possible loss of data
Practica_2.cpp(75): warning C4242: '=' : conversion from 'unsigned int' to 'char', possible loss of data
Practica_2.cpp(75): warning C4365: '=' : conversion from 'unsigned int' to 'char', signed/unsigned mismatch
Practica_2.cpp(101): warning C4244: 'initializing' : conversion from 'float' to 'int', possible loss of data
Practica_2.cpp(102): warning C4244: '=' : conversion from 'int' to 'float', possible loss of data
Practica_2.cpp(33): warning C4100: 'argv' : unreferenced formal parameter
Practica_2.cpp(33): warning C4100: 'argc' : unreferenced formal parameter
Practica_2.cpp(97): warning C4189: 'fv' : local variable is initialized but not referenced
Practica_2.cpp(52): warning C4189: 'p2' : local variable is initialized but not referenced
Practica_2.cpp(114): warning C4189: 'iResult' : local variable is initialized but not referenced
Practica_2.cpp(113): warning C4189: 'uResult' : local variable is initialized but not referenced
Practica_2.cpp(103): warning C4189: 'b' : local variable is initialized but not referenced
Practica_2.cpp(51): warning C4189: 'p1' : local variable is initialized but not referenced
Practica_2.cpp(54): warning C4189: 'ilonglongSize' : local variable is initialized but not referenced
  Practica_2.vcxproj -> C:\Users\fabian.loayza\Downloads\sesion_1a\sesion_1_2\Debug\Practica_2.exe
