d:\master videogames\master_c\05practica_5\05practica_5\debug\05practica_5.pch
d:\master videogames\master_c\05practica_5\05practica_5\debug\vc141.pdb
d:\master videogames\master_c\05practica_5\05practica_5\debug\vc141.idb
d:\master videogames\master_c\05practica_5\05practica_5\debug\stdafx.obj
d:\master videogames\master_c\05practica_5\05practica_5\debug\filesapi.obj
d:\master videogames\master_c\05practica_5\05practica_5\debug\05practica_5.obj
d:\master videogames\master_c\09practica_9\05practica_5_class\05practica_5\debug\05practica_5.pch
d:\master videogames\master_c\09practica_9\05practica_5_class\05practica_5\debug\vc141.pdb
d:\master videogames\master_c\09practica_9\05practica_5_class\05practica_5\debug\vc141.idb
d:\master videogames\master_c\09practica_9\05practica_5_class\05practica_5\debug\stdafx.obj
d:\master videogames\master_c\09practica_9\05practica_5_class\05practica_5\debug\filesapi.obj
d:\master videogames\master_c\09practica_9\05practica_5_class\05practica_5\debug\05practica_5.obj
d:\master videogames\master_c\05practica_5\debug\05practica_5.exe
d:\master videogames\master_c\05practica_5\debug\05practica_5.ilk
d:\master videogames\master_c\05practica_5\debug\05practica_5.pdb
d:\master videogames\master_c\09practica_9\05practica_5_class\debug\05practica_5.exe
d:\master videogames\master_c\09practica_9\05practica_5_class\debug\05practica_5.ilk
d:\master videogames\master_c\09practica_9\05practica_5_class\debug\05practica_5.pdb
d:\master videogames\master_c\09practica_9\05practica_5_class\05practica_5\debug\05practica_5.tlog\cl.command.1.tlog
d:\master videogames\master_c\09practica_9\05practica_5_class\05practica_5\debug\05practica_5.tlog\cl.read.1.tlog
d:\master videogames\master_c\09practica_9\05practica_5_class\05practica_5\debug\05practica_5.tlog\cl.write.1.tlog
d:\master videogames\master_c\09practica_9\05practica_5_class\05practica_5\debug\05practica_5.tlog\link.command.1.tlog
d:\master videogames\master_c\09practica_9\05practica_5_class\05practica_5\debug\05practica_5.tlog\link.read.1.tlog
d:\master videogames\master_c\09practica_9\05practica_5_class\05practica_5\debug\05practica_5.tlog\link.write.1.tlog
